# JRE version: Java(TM) SE Runtime Environment (8.0_171-b11) (build 1.8.0_171-b11)
# Java VM: Java HotSpot(TM) Client VM (25.171-b11 mixed mode windows-x86 )
Heap:
 def new generation   total 7040K, used 6167K [0x06a00000, 0x071a0000, 0x0bf50000)
  eden space 6272K,  86% used [0x06a00000, 0x06f45f68, 0x07020000)
  from space 768K, 100% used [0x070e0000, 0x071a0000, 0x071a0000)
  to   space 768K,   0% used [0x07020000, 0x07020000, 0x070e0000)
 tenured generation   total 15572K, used 9986K [0x0bf50000, 0x0ce85000, 0x16a00000)
   the space 15572K,  64% used [0x0bf50000, 0x0c910b28, 0x0c910c00, 0x0ce85000)
 Metaspace       used 12380K, capacity 13177K, committed 13184K, reserved 13696K
GC Heap History (10 events):
Event: 1.873 GC heap before
{Heap before GC invocations=6 (full 0):
 def new generation   total 4928K, used 4928K [0x06a00000, 0x06f50000, 0x0bf50000)
  eden space 4416K, 100% used [0x06a00000, 0x06e50000, 0x06e50000)
  from space 512K, 100% used [0x06e50000, 0x06ed0000, 0x06ed0000)
  to   space 512K,   0% used [0x06ed0000, 0x06ed0000, 0x06f50000)
 tenured generation   total 10944K, used 3738K [0x0bf50000, 0x0ca00000, 0x16a00000)
   the space 10944K,  34% used [0x0bf50000, 0x0c2f6860, 0x0c2f6a00, 0x0ca00000)
 Metaspace       used 9340K, capacity 9880K, committed 9984K, reserved 10624K
Event: 1.884 GC heap after
Heap after GC invocations=7 (full 0):
 def new generation   total 4928K, used 137K [0x06a00000, 0x06f50000, 0x0bf50000)
  eden space 4416K,   0% used [0x06a00000, 0x06a00000, 0x06e50000)
  from space 512K,  26% used [0x06ed0000, 0x06ef25c0, 0x06f50000)
  to   space 512K,   0% used [0x06e50000, 0x06e50000, 0x06ed0000)
 tenured generation   total 10944K, used 7308K [0x0bf50000, 0x0ca00000, 0x16a00000)
   the space 10944K,  66% used [0x0bf50000, 0x0c673318, 0x0c673400, 0x0ca00000)
 Metaspace       used 9340K, capacity 9880K, committed 9984K, reserved 10624K
}
Event: 5.872 GC heap before
{Heap before GC invocations=7 (full 0):
 def new generation   total 4928K, used 4553K [0x06a00000, 0x06f50000, 0x0bf50000)
  eden space 4416K, 100% used [0x06a00000, 0x06e50000, 0x06e50000)
  from space 512K,  26% used [0x06ed0000, 0x06ef25c0, 0x06f50000)
  to   space 512K,   0% used [0x06e50000, 0x06e50000, 0x06ed0000)
 tenured generation   total 10944K, used 7308K [0x0bf50000, 0x0ca00000, 0x16a00000)
   the space 10944K,  66% used [0x0bf50000, 0x0c673318, 0x0c673400, 0x0ca00000)
 Metaspace       used 10386K, capacity 10966K, committed 11008K, reserved 11648K
Event: 5.875 GC heap after
Heap after GC invocations=8 (full 0):
 def new generation   total 4928K, used 512K [0x06a00000, 0x06f50000, 0x0bf50000)
  eden space 4416K,   0% used [0x06a00000, 0x06a00000, 0x06e50000)
  from space 512K, 100% used [0x06e50000, 0x06ed0000, 0x06ed0000)
  to   space 512K,   0% used [0x06ed0000, 0x06ed0000, 0x06f50000)
 tenured generation   total 10944K, used 7708K [0x0bf50000, 0x0ca00000, 0x16a00000)
   the space 10944K,  70% used [0x0bf50000, 0x0c6d7120, 0x0c6d7200, 0x0ca00000)
 Metaspace       used 10386K, capacity 10966K, committed 11008K, reserved 11648K
}
Event: 6.006 GC heap before
{Heap before GC invocations=8 (full 0):
 def new generation   total 4928K, used 4928K [0x06a00000, 0x06f50000, 0x0bf50000)
  eden space 4416K, 100% used [0x06a00000, 0x06e50000, 0x06e50000)
  from space 512K, 100% used [0x06e50000, 0x06ed0000, 0x06ed0000)
  to   space 512K,   0% used [0x06ed0000, 0x06ed0000, 0x06f50000)
 tenured generation   total 10944K, used 7708K [0x0bf50000, 0x0ca00000, 0x16a00000)
   the space 10944K,  70% used [0x0bf50000, 0x0c6d7120, 0x0c6d7200, 0x0ca00000)
 Metaspace       used 11193K, capacity 11779K, committed 11904K, reserved 12672K
Event: 6.009 GC heap after
Heap after GC invocations=9 (full 0):
 def new generation   total 4928K, used 512K [0x06a00000, 0x06f50000, 0x0bf50000)
  eden space 4416K,   0% used [0x06a00000, 0x06a00000, 0x06e50000)
  from space 512K, 100% used [0x06ed0000, 0x06f50000, 0x06f50000)
  to   space 512K,   0% used [0x06e50000, 0x06e50000, 0x06ed0000)
 tenured generation   total 10944K, used 8552K [0x0bf50000, 0x0ca00000, 0x16a00000)
   the space 10944K,  78% used [0x0bf50000, 0x0c7aa310, 0x0c7aa400, 0x0ca00000)
 Metaspace       used 11193K, capacity 11779K, committed 11904K, reserved 12672K
}
Event: 7.741 GC heap before
{Heap before GC invocations=9 (full 0):
 def new generation   total 4928K, used 4074K [0x06a00000, 0x06f50000, 0x0bf50000)
  eden space 4416K,  80% used [0x06a00000, 0x06d7a9e8, 0x06e50000)
  from space 512K, 100% used [0x06ed0000, 0x06f50000, 0x06f50000)
  to   space 512K,   0% used [0x06e50000, 0x06e50000, 0x06ed0000)
 tenured generation   total 10944K, used 8552K [0x0bf50000, 0x0ca00000, 0x16a00000)
   the space 10944K,  78% used [0x0bf50000, 0x0c7aa310, 0x0c7aa400, 0x0ca00000)
 Metaspace       used 11625K, capacity 12288K, committed 12288K, reserved 12672K
Event: 7.761 GC heap after
Heap after GC invocations=10 (full 1):
 def new generation   total 7040K, used 0K [0x06a00000, 0x071a0000, 0x0bf50000)
  eden space 6272K,   0% used [0x06a00000, 0x06a00000, 0x07020000)
  from space 768K,   0% used [0x07020000, 0x07020000, 0x070e0000)
  to   space 768K,   0% used [0x070e0000, 0x070e0000, 0x071a0000)
 tenured generation   total 15572K, used 9342K [0x0bf50000, 0x0ce85000, 0x16a00000)
   the space 15572K,  59% used [0x0bf50000, 0x0c86fa58, 0x0c86fc00, 0x0ce85000)
 Metaspace       used 11625K, capacity 12288K, committed 12288K, reserved 12672K
}
Event: 10.999 GC heap before
{Heap before GC invocations=10 (full 1):
 def new generation   total 7040K, used 6269K [0x06a00000, 0x071a0000, 0x0bf50000)
  eden space 6272K,  99% used [0x06a00000, 0x0701f578, 0x07020000)
  from space 768K,   0% used [0x07020000, 0x07020000, 0x070e0000)
  to   space 768K,   0% used [0x070e0000, 0x070e0000, 0x071a0000)
 tenured generation   total 15572K, used 9342K [0x0bf50000, 0x0ce85000, 0x16a00000)
   the space 15572K,  59% used [0x0bf50000, 0x0c86fa58, 0x0c86fc00, 0x0ce85000)
 Metaspace       used 12230K, capacity 12956K, committed 13056K, reserved 13696K
Event: 11.004 GC heap after
Heap after GC invocations=11 (full 1):
 def new generation   total 7040K, used 768K [0x06a00000, 0x071a0000, 0x0bf50000)
  eden space 6272K,   0% used [0x06a00000, 0x06a00000, 0x07020000)
  from space 768K, 100% used [0x070e0000, 0x071a0000, 0x071a0000)
  to   space 768K,   0% used [0x07020000, 0x07020000, 0x070e0000)
 tenured generation   total 15572K, used 9986K [0x0bf50000, 0x0ce85000, 0x16a00000)
   the space 15572K,  64% used [0x0bf50000, 0x0c910b28, 0x0c910c00, 0x0ce85000)
 Metaspace       used 12230K, capacity 12956K, committed 13056K, reserved 13696K
}

