# JRE version: Java(TM) SE Runtime Environment (8.0_171-b11) (build 1.8.0_171-b11)
# Java VM: Java HotSpot(TM) Client VM (25.171-b11 mixed mode windows-x86 )
Heap:
 def new generation   total 7040K, used 2866K [0x07000000, 0x077a0000, 0x0c550000)
  eden space 6272K,  33% used [0x07000000, 0x0720cba0, 0x07620000)
  from space 768K, 100% used [0x076e0000, 0x077a0000, 0x077a0000)
  to   space 768K,   0% used [0x07620000, 0x07620000, 0x076e0000)
 tenured generation   total 15556K, used 10014K [0x0c550000, 0x0d481000, 0x17000000)
   the space 15556K,  64% used [0x0c550000, 0x0cf178d0, 0x0cf17a00, 0x0d481000)
 Metaspace       used 12360K, capacity 13153K, committed 13184K, reserved 13696K
GC Heap History (10 events):
Event: 5.361 GC heap before
{Heap before GC invocations=6 (full 0):
 def new generation   total 4928K, used 4928K [0x07000000, 0x07550000, 0x0c550000)
  eden space 4416K, 100% used [0x07000000, 0x07450000, 0x07450000)
  from space 512K, 100% used [0x07450000, 0x074d0000, 0x074d0000)
  to   space 512K,   0% used [0x074d0000, 0x074d0000, 0x07550000)
 tenured generation   total 10944K, used 3736K [0x0c550000, 0x0d000000, 0x17000000)
   the space 10944K,  34% used [0x0c550000, 0x0c8f60f0, 0x0c8f6200, 0x0d000000)
 Metaspace       used 9335K, capacity 9875K, committed 9984K, reserved 10624K
Event: 5.367 GC heap after
Heap after GC invocations=7 (full 0):
 def new generation   total 4928K, used 114K [0x07000000, 0x07550000, 0x0c550000)
  eden space 4416K,   0% used [0x07000000, 0x07000000, 0x07450000)
  from space 512K,  22% used [0x074d0000, 0x074eca78, 0x07550000)
  to   space 512K,   0% used [0x07450000, 0x07450000, 0x074d0000)
 tenured generation   total 10944K, used 7308K [0x0c550000, 0x0d000000, 0x17000000)
   the space 10944K,  66% used [0x0c550000, 0x0cc73040, 0x0cc73200, 0x0d000000)
 Metaspace       used 9335K, capacity 9875K, committed 9984K, reserved 10624K
}
Event: 9.616 GC heap before
{Heap before GC invocations=7 (full 0):
 def new generation   total 4928K, used 4530K [0x07000000, 0x07550000, 0x0c550000)
  eden space 4416K, 100% used [0x07000000, 0x07450000, 0x07450000)
  from space 512K,  22% used [0x074d0000, 0x074eca78, 0x07550000)
  to   space 512K,   0% used [0x07450000, 0x07450000, 0x074d0000)
 tenured generation   total 10944K, used 7308K [0x0c550000, 0x0d000000, 0x17000000)
   the space 10944K,  66% used [0x0c550000, 0x0cc73040, 0x0cc73200, 0x0d000000)
 Metaspace       used 10345K, capacity 10902K, committed 11008K, reserved 11648K
Event: 9.619 GC heap after
Heap after GC invocations=8 (full 0):
 def new generation   total 4928K, used 512K [0x07000000, 0x07550000, 0x0c550000)
  eden space 4416K,   0% used [0x07000000, 0x07000000, 0x07450000)
  from space 512K, 100% used [0x07450000, 0x074d0000, 0x074d0000)
  to   space 512K,   0% used [0x074d0000, 0x074d0000, 0x07550000)
 tenured generation   total 10944K, used 7665K [0x0c550000, 0x0d000000, 0x17000000)
   the space 10944K,  70% used [0x0c550000, 0x0cccc738, 0x0cccc800, 0x0d000000)
 Metaspace       used 10345K, capacity 10902K, committed 11008K, reserved 11648K
}
Event: 9.755 GC heap before
{Heap before GC invocations=8 (full 0):
 def new generation   total 4928K, used 4928K [0x07000000, 0x07550000, 0x0c550000)
  eden space 4416K, 100% used [0x07000000, 0x07450000, 0x07450000)
  from space 512K, 100% used [0x07450000, 0x074d0000, 0x074d0000)
  to   space 512K,   0% used [0x074d0000, 0x074d0000, 0x07550000)
 tenured generation   total 10944K, used 7665K [0x0c550000, 0x0d000000, 0x17000000)
   the space 10944K,  70% used [0x0c550000, 0x0cccc738, 0x0cccc800, 0x0d000000)
 Metaspace       used 11190K, capacity 11776K, committed 11904K, reserved 12672K
Event: 9.761 GC heap after
Heap after GC invocations=9 (full 0):
 def new generation   total 4928K, used 512K [0x07000000, 0x07550000, 0x0c550000)
  eden space 4416K,   0% used [0x07000000, 0x07000000, 0x07450000)
  from space 512K, 100% used [0x074d0000, 0x07550000, 0x07550000)
  to   space 512K,   0% used [0x07450000, 0x07450000, 0x074d0000)
 tenured generation   total 10944K, used 8548K [0x0c550000, 0x0d000000, 0x17000000)
   the space 10944K,  78% used [0x0c550000, 0x0cda9008, 0x0cda9200, 0x0d000000)
 Metaspace       used 11190K, capacity 11776K, committed 11904K, reserved 12672K
}
Event: 9.952 GC heap before
{Heap before GC invocations=9 (full 0):
 def new generation   total 4928K, used 4060K [0x07000000, 0x07550000, 0x0c550000)
  eden space 4416K,  80% used [0x07000000, 0x07377390, 0x07450000)
  from space 512K, 100% used [0x074d0000, 0x07550000, 0x07550000)
  to   space 512K,   0% used [0x07450000, 0x07450000, 0x074d0000)
 tenured generation   total 10944K, used 8548K [0x0c550000, 0x0d000000, 0x17000000)
   the space 10944K,  78% used [0x0c550000, 0x0cda9008, 0x0cda9200, 0x0d000000)
 Metaspace       used 11609K, capacity 12263K, committed 12288K, reserved 12672K
Event: 9.972 GC heap after
Heap after GC invocations=10 (full 1):
 def new generation   total 7040K, used 0K [0x07000000, 0x077a0000, 0x0c550000)
  eden space 6272K,   0% used [0x07000000, 0x07000000, 0x07620000)
  from space 768K,   0% used [0x07620000, 0x07620000, 0x076e0000)
  to   space 768K,   0% used [0x076e0000, 0x076e0000, 0x077a0000)
 tenured generation   total 15556K, used 9331K [0x0c550000, 0x0d481000, 0x17000000)
   the space 15556K,  59% used [0x0c550000, 0x0ce6cdf0, 0x0ce6ce00, 0x0d481000)
 Metaspace       used 11609K, capacity 12263K, committed 12288K, reserved 12672K
}
Event: 11.708 GC heap before
{Heap before GC invocations=10 (full 1):
 def new generation   total 7040K, used 6272K [0x07000000, 0x077a0000, 0x0c550000)
  eden space 6272K, 100% used [0x07000000, 0x07620000, 0x07620000)
  from space 768K,   0% used [0x07620000, 0x07620000, 0x076e0000)
  to   space 768K,   0% used [0x076e0000, 0x076e0000, 0x077a0000)
 tenured generation   total 15556K, used 9331K [0x0c550000, 0x0d481000, 0x17000000)
   the space 15556K,  59% used [0x0c550000, 0x0ce6cdf0, 0x0ce6ce00, 0x0d481000)
 Metaspace       used 12243K, capacity 12989K, committed 13056K, reserved 13696K
Event: 11.715 GC heap after
Heap after GC invocations=11 (full 1):
 def new generation   total 7040K, used 768K [0x07000000, 0x077a0000, 0x0c550000)
  eden space 6272K,   0% used [0x07000000, 0x07000000, 0x07620000)
  from space 768K, 100% used [0x076e0000, 0x077a0000, 0x077a0000)
  to   space 768K,   0% used [0x07620000, 0x07620000, 0x076e0000)
 tenured generation   total 15556K, used 10014K [0x0c550000, 0x0d481000, 0x17000000)
   the space 15556K,  64% used [0x0c550000, 0x0cf178d0, 0x0cf17a00, 0x0d481000)
 Metaspace       used 12243K, capacity 12989K, committed 13056K, reserved 13696K
}

