# JRE version: Java(TM) SE Runtime Environment (8.0_171-b11) (build 1.8.0_171-b11)
# Java VM: Java HotSpot(TM) Client VM (25.171-b11 mixed mode, sharing windows-x86 )
Heap:
 def new generation   total 4928K, used 4923K [0x06800000, 0x06d50000, 0x0bd50000)
  eden space 4416K,  99% used [0x06800000, 0x06c4ee60, 0x06c50000)
  from space 512K, 100% used [0x06cd0000, 0x06d50000, 0x06d50000)
  to   space 512K,   0% used [0x06c50000, 0x06c50000, 0x06cd0000)
 tenured generation   total 10944K, used 10020K [0x0bd50000, 0x0c800000, 0x16800000)
   the space 10944K,  91% used [0x0bd50000, 0x0c7192a8, 0x0c719400, 0x0c800000)
 Metaspace       used 9032K, capacity 10674K, committed 10752K, reserved 11648K
GC Heap History (10 events):
Event: 1.960 GC heap before
{Heap before GC invocations=6 (full 0):
 def new generation   total 4928K, used 4927K [0x06800000, 0x06d50000, 0x0bd50000)
  eden space 4416K, 100% used [0x06800000, 0x06c50000, 0x06c50000)
  from space 512K,  99% used [0x06c50000, 0x06ccfff8, 0x06cd0000)
  to   space 512K,   0% used [0x06cd0000, 0x06cd0000, 0x06d50000)
 tenured generation   total 10944K, used 3742K [0x0bd50000, 0x0c800000, 0x16800000)
   the space 10944K,  34% used [0x0bd50000, 0x0c0f7b10, 0x0c0f7c00, 0x0c800000)
 Metaspace       used 6600K, capacity 8331K, committed 8448K, reserved 8576K
Event: 1.967 GC heap after
Heap after GC invocations=7 (full 0):
 def new generation   total 4928K, used 112K [0x06800000, 0x06d50000, 0x0bd50000)
  eden space 4416K,   0% used [0x06800000, 0x06800000, 0x06c50000)
  from space 512K,  21% used [0x06cd0000, 0x06cec0d8, 0x06d50000)
  to   space 512K,   0% used [0x06c50000, 0x06c50000, 0x06cd0000)
 tenured generation   total 10944K, used 7315K [0x0bd50000, 0x0c800000, 0x16800000)
   the space 10944K,  66% used [0x0bd50000, 0x0c474c88, 0x0c474e00, 0x0c800000)
 Metaspace       used 6600K, capacity 8331K, committed 8448K, reserved 8576K
}
Event: 10.972 GC heap before
{Heap before GC invocations=7 (full 0):
 def new generation   total 4928K, used 4528K [0x06800000, 0x06d50000, 0x0bd50000)
  eden space 4416K, 100% used [0x06800000, 0x06c50000, 0x06c50000)
  from space 512K,  21% used [0x06cd0000, 0x06cec0d8, 0x06d50000)
  to   space 512K,   0% used [0x06c50000, 0x06c50000, 0x06cd0000)
 tenured generation   total 10944K, used 7315K [0x0bd50000, 0x0c800000, 0x16800000)
   the space 10944K,  66% used [0x0bd50000, 0x0c474c88, 0x0c474e00, 0x0c800000)
 Metaspace       used 7305K, capacity 8878K, committed 8960K, reserved 9600K
Event: 10.976 GC heap after
Heap after GC invocations=8 (full 0):
 def new generation   total 4928K, used 512K [0x06800000, 0x06d50000, 0x0bd50000)
  eden space 4416K,   0% used [0x06800000, 0x06800000, 0x06c50000)
  from space 512K, 100% used [0x06c50000, 0x06cd0000, 0x06cd0000)
  to   space 512K,   0% used [0x06cd0000, 0x06cd0000, 0x06d50000)
 tenured generation   total 10944K, used 7611K [0x0bd50000, 0x0c800000, 0x16800000)
   the space 10944K,  69% used [0x0bd50000, 0x0c4bed78, 0x0c4bee00, 0x0c800000)
 Metaspace       used 7305K, capacity 8878K, committed 8960K, reserved 9600K
}
Event: 17.619 GC heap before
{Heap before GC invocations=8 (full 0):
 def new generation   total 4928K, used 4928K [0x06800000, 0x06d50000, 0x0bd50000)
  eden space 4416K, 100% used [0x06800000, 0x06c50000, 0x06c50000)
  from space 512K, 100% used [0x06c50000, 0x06cd0000, 0x06cd0000)
  to   space 512K,   0% used [0x06cd0000, 0x06cd0000, 0x06d50000)
 tenured generation   total 10944K, used 7611K [0x0bd50000, 0x0c800000, 0x16800000)
   the space 10944K,  69% used [0x0bd50000, 0x0c4bed78, 0x0c4bee00, 0x0c800000)
 Metaspace       used 7882K, capacity 9356K, committed 9472K, reserved 9600K
Event: 17.625 GC heap after
Heap after GC invocations=9 (full 0):
 def new generation   total 4928K, used 512K [0x06800000, 0x06d50000, 0x0bd50000)
  eden space 4416K,   0% used [0x06800000, 0x06800000, 0x06c50000)
  from space 512K, 100% used [0x06cd0000, 0x06d50000, 0x06d50000)
  to   space 512K,   0% used [0x06c50000, 0x06c50000, 0x06cd0000)
 tenured generation   total 10944K, used 8482K [0x0bd50000, 0x0c800000, 0x16800000)
   the space 10944K,  77% used [0x0bd50000, 0x0c5988a0, 0x0c598a00, 0x0c800000)
 Metaspace       used 7882K, capacity 9356K, committed 9472K, reserved 9600K
}
Event: 17.815 GC heap before
{Heap before GC invocations=9 (full 0):
 def new generation   total 4928K, used 4928K [0x06800000, 0x06d50000, 0x0bd50000)
  eden space 4416K, 100% used [0x06800000, 0x06c50000, 0x06c50000)
  from space 512K, 100% used [0x06cd0000, 0x06d50000, 0x06d50000)
  to   space 512K,   0% used [0x06c50000, 0x06c50000, 0x06cd0000)
 tenured generation   total 10944K, used 8482K [0x0bd50000, 0x0c800000, 0x16800000)
   the space 10944K,  77% used [0x0bd50000, 0x0c5988a0, 0x0c598a00, 0x0c800000)
 Metaspace       used 8134K, capacity 9655K, committed 9728K, reserved 10624K
Event: 17.819 GC heap after
Heap after GC invocations=10 (full 0):
 def new generation   total 4928K, used 332K [0x06800000, 0x06d50000, 0x0bd50000)
  eden space 4416K,   0% used [0x06800000, 0x06800000, 0x06c50000)
  from space 512K,  64% used [0x06c50000, 0x06ca3280, 0x06cd0000)
  to   space 512K,   0% used [0x06cd0000, 0x06cd0000, 0x06d50000)
 tenured generation   total 10944K, used 8962K [0x0bd50000, 0x0c800000, 0x16800000)
   the space 10944K,  81% used [0x0bd50000, 0x0c6108d8, 0x0c610a00, 0x0c800000)
 Metaspace       used 8134K, capacity 9655K, committed 9728K, reserved 10624K
}
Event: 18.568 GC heap before
{Heap before GC invocations=10 (full 0):
 def new generation   total 4928K, used 4748K [0x06800000, 0x06d50000, 0x0bd50000)
  eden space 4416K, 100% used [0x06800000, 0x06c50000, 0x06c50000)
  from space 512K,  64% used [0x06c50000, 0x06ca3280, 0x06cd0000)
  to   space 512K,   0% used [0x06cd0000, 0x06cd0000, 0x06d50000)
 tenured generation   total 10944K, used 8962K [0x0bd50000, 0x0c800000, 0x16800000)
   the space 10944K,  81% used [0x0bd50000, 0x0c6108d8, 0x0c610a00, 0x0c800000)
 Metaspace       used 8532K, capacity 10140K, committed 10240K, reserved 10624K
Event: 18.584 GC heap after
Heap after GC invocations=11 (full 0):
 def new generation   total 4928K, used 512K [0x06800000, 0x06d50000, 0x0bd50000)
  eden space 4416K,   0% used [0x06800000, 0x06800000, 0x06c50000)
  from space 512K, 100% used [0x06cd0000, 0x06d50000, 0x06d50000)
  to   space 512K,   0% used [0x06c50000, 0x06c50000, 0x06cd0000)
 tenured generation   total 10944K, used 10020K [0x0bd50000, 0x0c800000, 0x16800000)
   the space 10944K,  91% used [0x0bd50000, 0x0c7192a8, 0x0c719400, 0x0c800000)
 Metaspace       used 8532K, capacity 10140K, committed 10240K, reserved 10624K
}

