# JRE version: Java(TM) SE Runtime Environment (8.0_171-b11) (build 1.8.0_171-b11)
# Java VM: Java HotSpot(TM) Client VM (25.171-b11 mixed mode windows-x86 )
Heap:
 def new generation   total 7040K, used 2636K [0x07400000, 0x07ba0000, 0x0c950000)
  eden space 6272K,  29% used [0x07400000, 0x075d3098, 0x07a20000)
  from space 768K, 100% used [0x07ae0000, 0x07ba0000, 0x07ba0000)
  to   space 768K,   0% used [0x07a20000, 0x07a20000, 0x07ae0000)
 tenured generation   total 15564K, used 10022K [0x0c950000, 0x0d883000, 0x17400000)
   the space 15564K,  64% used [0x0c950000, 0x0d319998, 0x0d319a00, 0x0d883000)
 Metaspace       used 12357K, capacity 13152K, committed 13184K, reserved 13696K
GC Heap History (10 events):
Event: 1.532 GC heap before
{Heap before GC invocations=6 (full 0):
 def new generation   total 4928K, used 4927K [0x07400000, 0x07950000, 0x0c950000)
  eden space 4416K, 100% used [0x07400000, 0x07850000, 0x07850000)
  from space 512K,  99% used [0x07850000, 0x078cfff8, 0x078d0000)
  to   space 512K,   0% used [0x078d0000, 0x078d0000, 0x07950000)
 tenured generation   total 10944K, used 3734K [0x0c950000, 0x0d400000, 0x17400000)
   the space 10944K,  34% used [0x0c950000, 0x0ccf5bc0, 0x0ccf5c00, 0x0d400000)
 Metaspace       used 9334K, capacity 9875K, committed 9984K, reserved 10624K
Event: 1.536 GC heap after
Heap after GC invocations=7 (full 0):
 def new generation   total 4928K, used 113K [0x07400000, 0x07950000, 0x0c950000)
  eden space 4416K,   0% used [0x07400000, 0x07400000, 0x07850000)
  from space 512K,  22% used [0x078d0000, 0x078ec7b8, 0x07950000)
  to   space 512K,   0% used [0x07850000, 0x07850000, 0x078d0000)
 tenured generation   total 10944K, used 7307K [0x0c950000, 0x0d400000, 0x17400000)
   the space 10944K,  66% used [0x0c950000, 0x0d072c90, 0x0d072e00, 0x0d400000)
 Metaspace       used 9334K, capacity 9875K, committed 9984K, reserved 10624K
}
Event: 6.178 GC heap before
{Heap before GC invocations=7 (full 0):
 def new generation   total 4928K, used 4529K [0x07400000, 0x07950000, 0x0c950000)
  eden space 4416K, 100% used [0x07400000, 0x07850000, 0x07850000)
  from space 512K,  22% used [0x078d0000, 0x078ec7b8, 0x07950000)
  to   space 512K,   0% used [0x07850000, 0x07850000, 0x078d0000)
 tenured generation   total 10944K, used 7307K [0x0c950000, 0x0d400000, 0x17400000)
   the space 10944K,  66% used [0x0c950000, 0x0d072c90, 0x0d072e00, 0x0d400000)
 Metaspace       used 10340K, capacity 10902K, committed 11008K, reserved 11648K
Event: 6.181 GC heap after
Heap after GC invocations=8 (full 0):
 def new generation   total 4928K, used 512K [0x07400000, 0x07950000, 0x0c950000)
  eden space 4416K,   0% used [0x07400000, 0x07400000, 0x07850000)
  from space 512K, 100% used [0x07850000, 0x078d0000, 0x078d0000)
  to   space 512K,   0% used [0x078d0000, 0x078d0000, 0x07950000)
 tenured generation   total 10944K, used 7638K [0x0c950000, 0x0d400000, 0x17400000)
   the space 10944K,  69% used [0x0c950000, 0x0d0c5898, 0x0d0c5a00, 0x0d400000)
 Metaspace       used 10340K, capacity 10902K, committed 11008K, reserved 11648K
}
Event: 6.309 GC heap before
{Heap before GC invocations=8 (full 0):
 def new generation   total 4928K, used 4928K [0x07400000, 0x07950000, 0x0c950000)
  eden space 4416K, 100% used [0x07400000, 0x07850000, 0x07850000)
  from space 512K, 100% used [0x07850000, 0x078d0000, 0x078d0000)
  to   space 512K,   0% used [0x078d0000, 0x078d0000, 0x07950000)
 tenured generation   total 10944K, used 7638K [0x0c950000, 0x0d400000, 0x17400000)
   the space 10944K,  69% used [0x0c950000, 0x0d0c5898, 0x0d0c5a00, 0x0d400000)
 Metaspace       used 11190K, capacity 11776K, committed 11904K, reserved 12672K
Event: 6.313 GC heap after
Heap after GC invocations=9 (full 0):
 def new generation   total 4928K, used 512K [0x07400000, 0x07950000, 0x0c950000)
  eden space 4416K,   0% used [0x07400000, 0x07400000, 0x07850000)
  from space 512K, 100% used [0x078d0000, 0x07950000, 0x07950000)
  to   space 512K,   0% used [0x07850000, 0x07850000, 0x078d0000)
 tenured generation   total 10944K, used 8533K [0x0c950000, 0x0d400000, 0x17400000)
   the space 10944K,  77% used [0x0c950000, 0x0d1a57a0, 0x0d1a5800, 0x0d400000)
 Metaspace       used 11190K, capacity 11776K, committed 11904K, reserved 12672K
}
Event: 6.553 GC heap before
{Heap before GC invocations=9 (full 0):
 def new generation   total 4928K, used 4326K [0x07400000, 0x07950000, 0x0c950000)
  eden space 4416K,  86% used [0x07400000, 0x077b9a60, 0x07850000)
  from space 512K, 100% used [0x078d0000, 0x07950000, 0x07950000)
  to   space 512K,   0% used [0x07850000, 0x07850000, 0x078d0000)
 tenured generation   total 10944K, used 8533K [0x0c950000, 0x0d400000, 0x17400000)
   the space 10944K,  77% used [0x0c950000, 0x0d1a57a0, 0x0d1a5800, 0x0d400000)
 Metaspace       used 11625K, capacity 12288K, committed 12288K, reserved 12672K
Event: 6.570 GC heap after
Heap after GC invocations=10 (full 1):
 def new generation   total 7040K, used 0K [0x07400000, 0x07ba0000, 0x0c950000)
  eden space 6272K,   0% used [0x07400000, 0x07400000, 0x07a20000)
  from space 768K,   0% used [0x07a20000, 0x07a20000, 0x07ae0000)
  to   space 768K,   0% used [0x07ae0000, 0x07ae0000, 0x07ba0000)
 tenured generation   total 15564K, used 9336K [0x0c950000, 0x0d883000, 0x17400000)
   the space 15564K,  59% used [0x0c950000, 0x0d26e2e0, 0x0d26e400, 0x0d883000)
 Metaspace       used 11625K, capacity 12288K, committed 12288K, reserved 12672K
}
Event: 8.019 GC heap before
{Heap before GC invocations=10 (full 1):
 def new generation   total 7040K, used 6272K [0x07400000, 0x07ba0000, 0x0c950000)
  eden space 6272K, 100% used [0x07400000, 0x07a20000, 0x07a20000)
  from space 768K,   0% used [0x07a20000, 0x07a20000, 0x07ae0000)
  to   space 768K,   0% used [0x07ae0000, 0x07ae0000, 0x07ba0000)
 tenured generation   total 15564K, used 9336K [0x0c950000, 0x0d883000, 0x17400000)
   the space 15564K,  59% used [0x0c950000, 0x0d26e2e0, 0x0d26e400, 0x0d883000)
 Metaspace       used 12285K, capacity 13043K, committed 13056K, reserved 13696K
Event: 8.025 GC heap after
Heap after GC invocations=11 (full 1):
 def new generation   total 7040K, used 768K [0x07400000, 0x07ba0000, 0x0c950000)
  eden space 6272K,   0% used [0x07400000, 0x07400000, 0x07a20000)
  from space 768K, 100% used [0x07ae0000, 0x07ba0000, 0x07ba0000)
  to   space 768K,   0% used [0x07a20000, 0x07a20000, 0x07ae0000)
 tenured generation   total 15564K, used 10022K [0x0c950000, 0x0d883000, 0x17400000)
   the space 15564K,  64% used [0x0c950000, 0x0d319998, 0x0d319a00, 0x0d883000)
 Metaspace       used 12285K, capacity 13043K, committed 13056K, reserved 13696K
}

