# JRE version: Java(TM) SE Runtime Environment (8.0_171-b11) (build 1.8.0_171-b11)
# Java VM: Java HotSpot(TM) Client VM (25.171-b11 mixed mode windows-x86 )
Heap:
 def new generation   total 7040K, used 4045K [0x06a00000, 0x071a0000, 0x0bf50000)
  eden space 6272K,  52% used [0x06a00000, 0x06d33430, 0x07020000)
  from space 768K, 100% used [0x070e0000, 0x071a0000, 0x071a0000)
  to   space 768K,   0% used [0x07020000, 0x07020000, 0x070e0000)
 tenured generation   total 15564K, used 10011K [0x0bf50000, 0x0ce83000, 0x16a00000)
   the space 15564K,  64% used [0x0bf50000, 0x0c916d00, 0x0c916e00, 0x0ce83000)
 Metaspace       used 12368K, capacity 13152K, committed 13184K, reserved 13696K
GC Heap History (10 events):
Event: 2.044 GC heap before
{Heap before GC invocations=6 (full 0):
 def new generation   total 4928K, used 4928K [0x06a00000, 0x06f50000, 0x0bf50000)
  eden space 4416K, 100% used [0x06a00000, 0x06e50000, 0x06e50000)
  from space 512K, 100% used [0x06e50000, 0x06ed0000, 0x06ed0000)
  to   space 512K,   0% used [0x06ed0000, 0x06ed0000, 0x06f50000)
 tenured generation   total 10944K, used 3736K [0x0bf50000, 0x0ca00000, 0x16a00000)
   the space 10944K,  34% used [0x0bf50000, 0x0c2f6320, 0x0c2f6400, 0x0ca00000)
 Metaspace       used 9325K, capacity 9872K, committed 9984K, reserved 10624K
Event: 2.057 GC heap after
Heap after GC invocations=7 (full 0):
 def new generation   total 4928K, used 114K [0x06a00000, 0x06f50000, 0x0bf50000)
  eden space 4416K,   0% used [0x06a00000, 0x06a00000, 0x06e50000)
  from space 512K,  22% used [0x06ed0000, 0x06eec988, 0x06f50000)
  to   space 512K,   0% used [0x06e50000, 0x06e50000, 0x06ed0000)
 tenured generation   total 10944K, used 7306K [0x0bf50000, 0x0ca00000, 0x16a00000)
   the space 10944K,  66% used [0x0bf50000, 0x0c672830, 0x0c672a00, 0x0ca00000)
 Metaspace       used 9325K, capacity 9872K, committed 9984K, reserved 10624K
}
Event: 6.505 GC heap before
{Heap before GC invocations=7 (full 0):
 def new generation   total 4928K, used 4530K [0x06a00000, 0x06f50000, 0x0bf50000)
  eden space 4416K, 100% used [0x06a00000, 0x06e50000, 0x06e50000)
  from space 512K,  22% used [0x06ed0000, 0x06eec988, 0x06f50000)
  to   space 512K,   0% used [0x06e50000, 0x06e50000, 0x06ed0000)
 tenured generation   total 10944K, used 7306K [0x0bf50000, 0x0ca00000, 0x16a00000)
   the space 10944K,  66% used [0x0bf50000, 0x0c672830, 0x0c672a00, 0x0ca00000)
 Metaspace       used 10340K, capacity 10902K, committed 11008K, reserved 11648K
Event: 6.508 GC heap after
Heap after GC invocations=8 (full 0):
 def new generation   total 4928K, used 512K [0x06a00000, 0x06f50000, 0x0bf50000)
  eden space 4416K,   0% used [0x06a00000, 0x06a00000, 0x06e50000)
  from space 512K, 100% used [0x06e50000, 0x06ed0000, 0x06ed0000)
  to   space 512K,   0% used [0x06ed0000, 0x06ed0000, 0x06f50000)
 tenured generation   total 10944K, used 7638K [0x0bf50000, 0x0ca00000, 0x16a00000)
   the space 10944K,  69% used [0x0bf50000, 0x0c6c5a50, 0x0c6c5c00, 0x0ca00000)
 Metaspace       used 10340K, capacity 10902K, committed 11008K, reserved 11648K
}
Event: 6.641 GC heap before
{Heap before GC invocations=8 (full 0):
 def new generation   total 4928K, used 4928K [0x06a00000, 0x06f50000, 0x0bf50000)
  eden space 4416K, 100% used [0x06a00000, 0x06e50000, 0x06e50000)
  from space 512K, 100% used [0x06e50000, 0x06ed0000, 0x06ed0000)
  to   space 512K,   0% used [0x06ed0000, 0x06ed0000, 0x06f50000)
 tenured generation   total 10944K, used 7638K [0x0bf50000, 0x0ca00000, 0x16a00000)
   the space 10944K,  69% used [0x0bf50000, 0x0c6c5a50, 0x0c6c5c00, 0x0ca00000)
 Metaspace       used 11190K, capacity 11776K, committed 11904K, reserved 12672K
Event: 6.646 GC heap after
Heap after GC invocations=9 (full 0):
 def new generation   total 4928K, used 512K [0x06a00000, 0x06f50000, 0x0bf50000)
  eden space 4416K,   0% used [0x06a00000, 0x06a00000, 0x06e50000)
  from space 512K, 100% used [0x06ed0000, 0x06f50000, 0x06f50000)
  to   space 512K,   0% used [0x06e50000, 0x06e50000, 0x06ed0000)
 tenured generation   total 10944K, used 8535K [0x0bf50000, 0x0ca00000, 0x16a00000)
   the space 10944K,  77% used [0x0bf50000, 0x0c7a5d38, 0x0c7a5e00, 0x0ca00000)
 Metaspace       used 11190K, capacity 11776K, committed 11904K, reserved 12672K
}
Event: 6.875 GC heap before
{Heap before GC invocations=9 (full 0):
 def new generation   total 4928K, used 4298K [0x06a00000, 0x06f50000, 0x0bf50000)
  eden space 4416K,  85% used [0x06a00000, 0x06db2b80, 0x06e50000)
  from space 512K, 100% used [0x06ed0000, 0x06f50000, 0x06f50000)
  to   space 512K,   0% used [0x06e50000, 0x06e50000, 0x06ed0000)
 tenured generation   total 10944K, used 8535K [0x0bf50000, 0x0ca00000, 0x16a00000)
   the space 10944K,  77% used [0x0bf50000, 0x0c7a5d38, 0x0c7a5e00, 0x0ca00000)
 Metaspace       used 11625K, capacity 12288K, committed 12288K, reserved 12672K
Event: 6.895 GC heap after
Heap after GC invocations=10 (full 1):
 def new generation   total 7040K, used 0K [0x06a00000, 0x071a0000, 0x0bf50000)
  eden space 6272K,   0% used [0x06a00000, 0x06a00000, 0x07020000)
  from space 768K,   0% used [0x07020000, 0x07020000, 0x070e0000)
  to   space 768K,   0% used [0x070e0000, 0x070e0000, 0x071a0000)
 tenured generation   total 15564K, used 9338K [0x0bf50000, 0x0ce83000, 0x16a00000)
   the space 15564K,  59% used [0x0bf50000, 0x0c86e918, 0x0c86ea00, 0x0ce83000)
 Metaspace       used 11625K, capacity 12288K, committed 12288K, reserved 12672K
}
Event: 8.553 GC heap before
{Heap before GC invocations=10 (full 1):
 def new generation   total 7040K, used 6272K [0x06a00000, 0x071a0000, 0x0bf50000)
  eden space 6272K, 100% used [0x06a00000, 0x07020000, 0x07020000)
  from space 768K,   0% used [0x07020000, 0x07020000, 0x070e0000)
  to   space 768K,   0% used [0x070e0000, 0x070e0000, 0x071a0000)
 tenured generation   total 15564K, used 9338K [0x0bf50000, 0x0ce83000, 0x16a00000)
   the space 15564K,  59% used [0x0bf50000, 0x0c86e918, 0x0c86ea00, 0x0ce83000)
 Metaspace       used 12284K, capacity 13033K, committed 13056K, reserved 13696K
Event: 8.561 GC heap after
Heap after GC invocations=11 (full 1):
 def new generation   total 7040K, used 768K [0x06a00000, 0x071a0000, 0x0bf50000)
  eden space 6272K,   0% used [0x06a00000, 0x06a00000, 0x07020000)
  from space 768K, 100% used [0x070e0000, 0x071a0000, 0x071a0000)
  to   space 768K,   0% used [0x07020000, 0x07020000, 0x070e0000)
 tenured generation   total 15564K, used 10011K [0x0bf50000, 0x0ce83000, 0x16a00000)
   the space 15564K,  64% used [0x0bf50000, 0x0c916d00, 0x0c916e00, 0x0ce83000)
 Metaspace       used 12284K, capacity 13033K, committed 13056K, reserved 13696K
}

