# JRE version: Java(TM) SE Runtime Environment (8.0_171-b11) (build 1.8.0_171-b11)
# Java VM: Java HotSpot(TM) Client VM (25.171-b11 mixed mode, sharing windows-x86 )
Heap:
 def new generation   total 8064K, used 1579K [0x06a00000, 0x072c0000, 0x0bf50000)
  eden space 7168K,  22% used [0x06a00000, 0x06b8ac30, 0x07100000)
  from space 896K,   0% used [0x07100000, 0x07100000, 0x071e0000)
  to   space 896K,   0% used [0x071e0000, 0x071e0000, 0x072c0000)
 tenured generation   total 17864K, used 10716K [0x0bf50000, 0x0d0c2000, 0x16a00000)
   the space 17864K,  59% used [0x0bf50000, 0x0c9c7358, 0x0c9c7400, 0x0d0c2000)
 Metaspace       used 9449K, capacity 10750K, committed 10752K, reserved 11648K
GC Heap History (10 events):
Event: 4.444 GC heap before
{Heap before GC invocations=8 (full 0):
 def new generation   total 4928K, used 4551K [0x06a00000, 0x06f50000, 0x0bf50000)
  eden space 4416K, 100% used [0x06a00000, 0x06e50000, 0x06e50000)
  from space 512K,  26% used [0x06e50000, 0x06e71cb8, 0x06ed0000)
  to   space 512K,   0% used [0x06ed0000, 0x06ed0000, 0x06f50000)
 tenured generation   total 10944K, used 7831K [0x0bf50000, 0x0ca00000, 0x16a00000)
   the space 10944K,  71% used [0x0bf50000, 0x0c6f5de8, 0x0c6f5e00, 0x0ca00000)
 Metaspace       used 7752K, capacity 9260K, committed 9344K, reserved 9600K
Event: 4.446 GC heap after
Heap after GC invocations=9 (full 0):
 def new generation   total 4928K, used 512K [0x06a00000, 0x06f50000, 0x0bf50000)
  eden space 4416K,   0% used [0x06a00000, 0x06a00000, 0x06e50000)
  from space 512K, 100% used [0x06ed0000, 0x06f50000, 0x06f50000)
  to   space 512K,   0% used [0x06e50000, 0x06e50000, 0x06ed0000)
 tenured generation   total 10944K, used 8311K [0x0bf50000, 0x0ca00000, 0x16a00000)
   the space 10944K,  75% used [0x0bf50000, 0x0c76df78, 0x0c76e000, 0x0ca00000)
 Metaspace       used 7752K, capacity 9260K, committed 9344K, reserved 9600K
}
Event: 5.592 GC heap before
{Heap before GC invocations=9 (full 0):
 def new generation   total 4928K, used 4928K [0x06a00000, 0x06f50000, 0x0bf50000)
  eden space 4416K, 100% used [0x06a00000, 0x06e50000, 0x06e50000)
  from space 512K, 100% used [0x06ed0000, 0x06f50000, 0x06f50000)
  to   space 512K,   0% used [0x06e50000, 0x06e50000, 0x06ed0000)
 tenured generation   total 10944K, used 8311K [0x0bf50000, 0x0ca00000, 0x16a00000)
   the space 10944K,  75% used [0x0bf50000, 0x0c76df78, 0x0c76e000, 0x0ca00000)
 Metaspace       used 8459K, capacity 10043K, committed 10112K, reserved 10624K
Event: 5.596 GC heap after
Heap after GC invocations=10 (full 0):
 def new generation   total 4928K, used 512K [0x06a00000, 0x06f50000, 0x0bf50000)
  eden space 4416K,   0% used [0x06a00000, 0x06a00000, 0x06e50000)
  from space 512K, 100% used [0x06e50000, 0x06ed0000, 0x06ed0000)
  to   space 512K,   0% used [0x06ed0000, 0x06ed0000, 0x06f50000)
 tenured generation   total 10944K, used 8851K [0x0bf50000, 0x0ca00000, 0x16a00000)
   the space 10944K,  80% used [0x0bf50000, 0x0c7f4c60, 0x0c7f4e00, 0x0ca00000)
 Metaspace       used 8459K, capacity 10043K, committed 10112K, reserved 10624K
}
Event: 5.686 GC heap before
{Heap before GC invocations=10 (full 0):
 def new generation   total 4928K, used 4928K [0x06a00000, 0x06f50000, 0x0bf50000)
  eden space 4416K, 100% used [0x06a00000, 0x06e50000, 0x06e50000)
  from space 512K, 100% used [0x06e50000, 0x06ed0000, 0x06ed0000)
  to   space 512K,   0% used [0x06ed0000, 0x06ed0000, 0x06f50000)
 tenured generation   total 10944K, used 8851K [0x0bf50000, 0x0ca00000, 0x16a00000)
   the space 10944K,  80% used [0x0bf50000, 0x0c7f4c60, 0x0c7f4e00, 0x0ca00000)
 Metaspace       used 8599K, capacity 10172K, committed 10240K, reserved 10624K
Event: 5.692 GC heap after
Heap after GC invocations=11 (full 0):
 def new generation   total 4928K, used 512K [0x06a00000, 0x06f50000, 0x0bf50000)
  eden space 4416K,   0% used [0x06a00000, 0x06a00000, 0x06e50000)
  from space 512K, 100% used [0x06ed0000, 0x06f50000, 0x06f50000)
  to   space 512K,   0% used [0x06e50000, 0x06e50000, 0x06ed0000)
 tenured generation   total 10944K, used 9655K [0x0bf50000, 0x0ca00000, 0x16a00000)
   the space 10944K,  88% used [0x0bf50000, 0x0c8bdee8, 0x0c8be000, 0x0ca00000)
 Metaspace       used 8599K, capacity 10172K, committed 10240K, reserved 10624K
}
Event: 6.936 GC heap before
{Heap before GC invocations=11 (full 0):
 def new generation   total 4928K, used 4928K [0x06a00000, 0x06f50000, 0x0bf50000)
  eden space 4416K, 100% used [0x06a00000, 0x06e50000, 0x06e50000)
  from space 512K, 100% used [0x06ed0000, 0x06f50000, 0x06f50000)
  to   space 512K,   0% used [0x06e50000, 0x06e50000, 0x06ed0000)
 tenured generation   total 10944K, used 9655K [0x0bf50000, 0x0ca00000, 0x16a00000)
   the space 10944K,  88% used [0x0bf50000, 0x0c8bdee8, 0x0c8be000, 0x0ca00000)
 Metaspace       used 8909K, capacity 10406K, committed 10496K, reserved 10624K
Event: 6.940 GC heap after
Heap after GC invocations=12 (full 0):
 def new generation   total 4928K, used 409K [0x06a00000, 0x06f50000, 0x0bf50000)
  eden space 4416K,   0% used [0x06a00000, 0x06a00000, 0x06e50000)
  from space 512K,  80% used [0x06e50000, 0x06eb6780, 0x06ed0000)
  to   space 512K,   0% used [0x06ed0000, 0x06ed0000, 0x06f50000)
 tenured generation   total 10944K, used 10161K [0x0bf50000, 0x0ca00000, 0x16a00000)
   the space 10944K,  92% used [0x0bf50000, 0x0c93c418, 0x0c93c600, 0x0ca00000)
 Metaspace       used 8909K, capacity 10406K, committed 10496K, reserved 10624K
}
Event: 9.783 GC heap before
{Heap before GC invocations=12 (full 0):
 def new generation   total 4928K, used 4825K [0x06a00000, 0x06f50000, 0x0bf50000)
  eden space 4416K, 100% used [0x06a00000, 0x06e50000, 0x06e50000)
  from space 512K,  80% used [0x06e50000, 0x06eb6780, 0x06ed0000)
  to   space 512K,   0% used [0x06ed0000, 0x06ed0000, 0x06f50000)
 tenured generation   total 10944K, used 10161K [0x0bf50000, 0x0ca00000, 0x16a00000)
   the space 10944K,  92% used [0x0bf50000, 0x0c93c418, 0x0c93c600, 0x0ca00000)
 Metaspace       used 9444K, capacity 10750K, committed 10752K, reserved 11648K
Event: 9.837 GC heap after
Heap after GC invocations=13 (full 1):
 def new generation   total 8064K, used 0K [0x06a00000, 0x072c0000, 0x0bf50000)
  eden space 7168K,   0% used [0x06a00000, 0x06a00000, 0x07100000)
  from space 896K,   0% used [0x07100000, 0x07100000, 0x071e0000)
  to   space 896K,   0% used [0x071e0000, 0x071e0000, 0x072c0000)
 tenured generation   total 17864K, used 10716K [0x0bf50000, 0x0d0c2000, 0x16a00000)
   the space 17864K,  59% used [0x0bf50000, 0x0c9c7358, 0x0c9c7400, 0x0d0c2000)
 Metaspace       used 9442K, capacity 10748K, committed 10752K, reserved 11648K
}

