# JRE version: Java(TM) SE Runtime Environment (8.0_171-b11) (build 1.8.0_171-b11)
# Java VM: Java HotSpot(TM) Client VM (25.171-b11 mixed mode windows-x86 )
Heap:
 def new generation   total 6464K, used 1690K [0x07200000, 0x07900000, 0x0c750000)
  eden space 5760K,  17% used [0x07200000, 0x072f6960, 0x077a0000)
  from space 704K, 100% used [0x07850000, 0x07900000, 0x07900000)
  to   space 704K,   0% used [0x077a0000, 0x077a0000, 0x07850000)
 tenured generation   total 14200K, used 13245K [0x0c750000, 0x0d52e000, 0x17200000)
   the space 14200K,  93% used [0x0c750000, 0x0d43f740, 0x0d43f800, 0x0d52e000)
 Metaspace       used 13598K, capacity 14535K, committed 14592K, reserved 14720K
GC Heap History (10 events):
Event: 5.779 GC heap before
{Heap before GC invocations=10 (full 1):
 def new generation   total 6464K, used 5760K [0x07200000, 0x07900000, 0x0c750000)
  eden space 5760K, 100% used [0x07200000, 0x077a0000, 0x077a0000)
  from space 704K,   0% used [0x077a0000, 0x077a0000, 0x07850000)
  to   space 704K,   0% used [0x07850000, 0x07850000, 0x07900000)
 tenured generation   total 14200K, used 8519K [0x0c750000, 0x0d52e000, 0x17200000)
   the space 14200K,  59% used [0x0c750000, 0x0cfa1d38, 0x0cfa1e00, 0x0d52e000)
 Metaspace       used 12061K, capacity 12799K, committed 12800K, reserved 13696K
Event: 5.784 GC heap after
Heap after GC invocations=11 (full 1):
 def new generation   total 6464K, used 704K [0x07200000, 0x07900000, 0x0c750000)
  eden space 5760K,   0% used [0x07200000, 0x07200000, 0x077a0000)
  from space 704K, 100% used [0x07850000, 0x07900000, 0x07900000)
  to   space 704K,   0% used [0x077a0000, 0x077a0000, 0x07850000)
 tenured generation   total 14200K, used 8781K [0x0c750000, 0x0d52e000, 0x17200000)
   the space 14200K,  61% used [0x0c750000, 0x0cfe35d8, 0x0cfe3600, 0x0d52e000)
 Metaspace       used 12061K, capacity 12799K, committed 12800K, reserved 13696K
}
Event: 6.943 GC heap before
{Heap before GC invocations=11 (full 1):
 def new generation   total 6464K, used 6464K [0x07200000, 0x07900000, 0x0c750000)
  eden space 5760K, 100% used [0x07200000, 0x077a0000, 0x077a0000)
  from space 704K, 100% used [0x07850000, 0x07900000, 0x07900000)
  to   space 704K,   0% used [0x077a0000, 0x077a0000, 0x07850000)
 tenured generation   total 14200K, used 8781K [0x0c750000, 0x0d52e000, 0x17200000)
   the space 14200K,  61% used [0x0c750000, 0x0cfe35d8, 0x0cfe3600, 0x0d52e000)
 Metaspace       used 12534K, capacity 13277K, committed 13312K, reserved 13696K
Event: 6.949 GC heap after
Heap after GC invocations=12 (full 1):
 def new generation   total 6464K, used 704K [0x07200000, 0x07900000, 0x0c750000)
  eden space 5760K,   0% used [0x07200000, 0x07200000, 0x077a0000)
  from space 704K, 100% used [0x077a0000, 0x07850000, 0x07850000)
  to   space 704K,   0% used [0x07850000, 0x07850000, 0x07900000)
 tenured generation   total 14200K, used 9547K [0x0c750000, 0x0d52e000, 0x17200000)
   the space 14200K,  67% used [0x0c750000, 0x0d0a2fa8, 0x0d0a3000, 0x0d52e000)
 Metaspace       used 12534K, capacity 13277K, committed 13312K, reserved 13696K
}
Event: 12.613 GC heap before
{Heap before GC invocations=12 (full 1):
 def new generation   total 6464K, used 6464K [0x07200000, 0x07900000, 0x0c750000)
  eden space 5760K, 100% used [0x07200000, 0x077a0000, 0x077a0000)
  from space 704K, 100% used [0x077a0000, 0x07850000, 0x07850000)
  to   space 704K,   0% used [0x07850000, 0x07850000, 0x07900000)
 tenured generation   total 14200K, used 9547K [0x0c750000, 0x0d52e000, 0x17200000)
   the space 14200K,  67% used [0x0c750000, 0x0d0a2fa8, 0x0d0a3000, 0x0d52e000)
 Metaspace       used 13276K, capacity 14129K, committed 14208K, reserved 14720K
Event: 12.618 GC heap after
Heap after GC invocations=13 (full 1):
 def new generation   total 6464K, used 704K [0x07200000, 0x07900000, 0x0c750000)
  eden space 5760K,   0% used [0x07200000, 0x07200000, 0x077a0000)
  from space 704K, 100% used [0x07850000, 0x07900000, 0x07900000)
  to   space 704K,   0% used [0x077a0000, 0x077a0000, 0x07850000)
 tenured generation   total 14200K, used 10500K [0x0c750000, 0x0d52e000, 0x17200000)
   the space 14200K,  73% used [0x0c750000, 0x0d1913d0, 0x0d191400, 0x0d52e000)
 Metaspace       used 13276K, capacity 14129K, committed 14208K, reserved 14720K
}
Event: 12.958 GC heap before
{Heap before GC invocations=13 (full 1):
 def new generation   total 6464K, used 6464K [0x07200000, 0x07900000, 0x0c750000)
  eden space 5760K, 100% used [0x07200000, 0x077a0000, 0x077a0000)
  from space 704K, 100% used [0x07850000, 0x07900000, 0x07900000)
  to   space 704K,   0% used [0x077a0000, 0x077a0000, 0x07850000)
 tenured generation   total 14200K, used 10500K [0x0c750000, 0x0d52e000, 0x17200000)
   the space 14200K,  73% used [0x0c750000, 0x0d1913d0, 0x0d191400, 0x0d52e000)
 Metaspace       used 13575K, capacity 14500K, committed 14592K, reserved 14720K
Event: 12.966 GC heap after
Heap after GC invocations=14 (full 1):
 def new generation   total 6464K, used 704K [0x07200000, 0x07900000, 0x0c750000)
  eden space 5760K,   0% used [0x07200000, 0x07200000, 0x077a0000)
  from space 704K, 100% used [0x077a0000, 0x07850000, 0x07850000)
  to   space 704K,   0% used [0x07850000, 0x07850000, 0x07900000)
 tenured generation   total 14200K, used 12008K [0x0c750000, 0x0d52e000, 0x17200000)
   the space 14200K,  84% used [0x0c750000, 0x0d30a170, 0x0d30a200, 0x0d52e000)
 Metaspace       used 13575K, capacity 14500K, committed 14592K, reserved 14720K
}
Event: 22.004 GC heap before
{Heap before GC invocations=14 (full 1):
 def new generation   total 6464K, used 6464K [0x07200000, 0x07900000, 0x0c750000)
  eden space 5760K, 100% used [0x07200000, 0x077a0000, 0x077a0000)
  from space 704K, 100% used [0x077a0000, 0x07850000, 0x07850000)
  to   space 704K,   0% used [0x07850000, 0x07850000, 0x07900000)
 tenured generation   total 14200K, used 12008K [0x0c750000, 0x0d52e000, 0x17200000)
   the space 14200K,  84% used [0x0c750000, 0x0d30a170, 0x0d30a200, 0x0d52e000)
 Metaspace       used 13585K, capacity 14503K, committed 14592K, reserved 14720K
Event: 22.025 GC heap after
Heap after GC invocations=15 (full 1):
 def new generation   total 6464K, used 704K [0x07200000, 0x07900000, 0x0c750000)
  eden space 5760K,   0% used [0x07200000, 0x07200000, 0x077a0000)
  from space 704K, 100% used [0x07850000, 0x07900000, 0x07900000)
  to   space 704K,   0% used [0x077a0000, 0x077a0000, 0x07850000)
 tenured generation   total 14200K, used 13245K [0x0c750000, 0x0d52e000, 0x17200000)
   the space 14200K,  93% used [0x0c750000, 0x0d43f740, 0x0d43f800, 0x0d52e000)
 Metaspace       used 13585K, capacity 14503K, committed 14592K, reserved 14720K
}

