# JRE version: Java(TM) SE Runtime Environment (8.0_171-b11) (build 1.8.0_171-b11)
# Java VM: Java HotSpot(TM) Client VM (25.171-b11 mixed mode windows-x86 )
Heap:
 def new generation   total 6464K, used 4829K [0x07200000, 0x07900000, 0x0c750000)
  eden space 5760K,  71% used [0x07200000, 0x076077b0, 0x077a0000)
  from space 704K, 100% used [0x077a0000, 0x07850000, 0x07850000)
  to   space 704K,   0% used [0x07850000, 0x07850000, 0x07900000)
 tenured generation   total 14200K, used 9549K [0x0c750000, 0x0d52e000, 0x17200000)
   the space 14200K,  67% used [0x0c750000, 0x0d0a3480, 0x0d0a3600, 0x0d52e000)
 Metaspace       used 12923K, capacity 13739K, committed 13824K, reserved 14720K
GC Heap History (10 events):
Event: 4.800 GC heap before
{Heap before GC invocations=7 (full 0):
 def new generation   total 4928K, used 4839K [0x07200000, 0x07750000, 0x0c750000)
  eden space 4416K, 100% used [0x07200000, 0x07650000, 0x07650000)
  from space 512K,  82% used [0x076d0000, 0x07739f48, 0x07750000)
  to   space 512K,   0% used [0x07650000, 0x07650000, 0x076d0000)
 tenured generation   total 10944K, used 4348K [0x0c750000, 0x0d200000, 0x17200000)
   the space 10944K,  39% used [0x0c750000, 0x0cb8f090, 0x0cb8f200, 0x0d200000)
 Metaspace       used 10127K, capacity 10703K, committed 10752K, reserved 11648K
Event: 4.804 GC heap after
Heap after GC invocations=8 (full 0):
 def new generation   total 4928K, used 120K [0x07200000, 0x07750000, 0x0c750000)
  eden space 4416K,   0% used [0x07200000, 0x07200000, 0x07650000)
  from space 512K,  23% used [0x07650000, 0x0766e0b0, 0x076d0000)
  to   space 512K,   0% used [0x076d0000, 0x076d0000, 0x07750000)
 tenured generation   total 10944K, used 7824K [0x0c750000, 0x0d200000, 0x17200000)
   the space 10944K,  71% used [0x0c750000, 0x0cef40f8, 0x0cef4200, 0x0d200000)
 Metaspace       used 10127K, capacity 10703K, committed 10752K, reserved 11648K
}
Event: 5.183 GC heap before
{Heap before GC invocations=8 (full 0):
 def new generation   total 4928K, used 4534K [0x07200000, 0x07750000, 0x0c750000)
  eden space 4416K,  99% used [0x07200000, 0x0764fb08, 0x07650000)
  from space 512K,  23% used [0x07650000, 0x0766e0b0, 0x076d0000)
  to   space 512K,   0% used [0x076d0000, 0x076d0000, 0x07750000)
 tenured generation   total 10944K, used 7824K [0x0c750000, 0x0d200000, 0x17200000)
   the space 10944K,  71% used [0x0c750000, 0x0cef40f8, 0x0cef4200, 0x0d200000)
 Metaspace       used 11249K, capacity 11850K, committed 11904K, reserved 12672K
Event: 5.186 GC heap after
Heap after GC invocations=9 (full 0):
 def new generation   total 4928K, used 512K [0x07200000, 0x07750000, 0x0c750000)
  eden space 4416K,   0% used [0x07200000, 0x07200000, 0x07650000)
  from space 512K, 100% used [0x076d0000, 0x07750000, 0x07750000)
  to   space 512K,   0% used [0x07650000, 0x07650000, 0x076d0000)
 tenured generation   total 10944K, used 8282K [0x0c750000, 0x0d200000, 0x17200000)
   the space 10944K,  75% used [0x0c750000, 0x0cf668e8, 0x0cf66a00, 0x0d200000)
 Metaspace       used 11249K, capacity 11850K, committed 11904K, reserved 12672K
}
Event: 6.239 GC heap before
{Heap before GC invocations=9 (full 0):
 def new generation   total 4928K, used 2838K [0x07200000, 0x07750000, 0x0c750000)
  eden space 4416K,  52% used [0x07200000, 0x07445838, 0x07650000)
  from space 512K, 100% used [0x076d0000, 0x07750000, 0x07750000)
  to   space 512K,   0% used [0x07650000, 0x07650000, 0x076d0000)
 tenured generation   total 10944K, used 8282K [0x0c750000, 0x0d200000, 0x17200000)
   the space 10944K,  75% used [0x0c750000, 0x0cf668e8, 0x0cf66a00, 0x0d200000)
 Metaspace       used 11636K, capacity 12265K, committed 12288K, reserved 12672K
Event: 6.255 GC heap after
Heap after GC invocations=10 (full 1):
 def new generation   total 6464K, used 0K [0x07200000, 0x07900000, 0x0c750000)
  eden space 5760K,   0% used [0x07200000, 0x07200000, 0x077a0000)
  from space 704K,   0% used [0x077a0000, 0x077a0000, 0x07850000)
  to   space 704K,   0% used [0x07850000, 0x07850000, 0x07900000)
 tenured generation   total 14200K, used 8518K [0x0c750000, 0x0d52e000, 0x17200000)
   the space 14200K,  59% used [0x0c750000, 0x0cfa1a38, 0x0cfa1c00, 0x0d52e000)
 Metaspace       used 11627K, capacity 12240K, committed 12288K, reserved 12672K
}
Event: 6.371 GC heap before
{Heap before GC invocations=10 (full 1):
 def new generation   total 6464K, used 5760K [0x07200000, 0x07900000, 0x0c750000)
  eden space 5760K, 100% used [0x07200000, 0x077a0000, 0x077a0000)
  from space 704K,   0% used [0x077a0000, 0x077a0000, 0x07850000)
  to   space 704K,   0% used [0x07850000, 0x07850000, 0x07900000)
 tenured generation   total 14200K, used 8518K [0x0c750000, 0x0d52e000, 0x17200000)
   the space 14200K,  59% used [0x0c750000, 0x0cfa1a38, 0x0cfa1c00, 0x0d52e000)
 Metaspace       used 12063K, capacity 12799K, committed 12800K, reserved 13696K
Event: 6.377 GC heap after
Heap after GC invocations=11 (full 1):
 def new generation   total 6464K, used 704K [0x07200000, 0x07900000, 0x0c750000)
  eden space 5760K,   0% used [0x07200000, 0x07200000, 0x077a0000)
  from space 704K, 100% used [0x07850000, 0x07900000, 0x07900000)
  to   space 704K,   0% used [0x077a0000, 0x077a0000, 0x07850000)
 tenured generation   total 14200K, used 8780K [0x0c750000, 0x0d52e000, 0x17200000)
   the space 14200K,  61% used [0x0c750000, 0x0cfe30c0, 0x0cfe3200, 0x0d52e000)
 Metaspace       used 12063K, capacity 12799K, committed 12800K, reserved 13696K
}
Event: 7.479 GC heap before
{Heap before GC invocations=11 (full 1):
 def new generation   total 6464K, used 6464K [0x07200000, 0x07900000, 0x0c750000)
  eden space 5760K, 100% used [0x07200000, 0x077a0000, 0x077a0000)
  from space 704K, 100% used [0x07850000, 0x07900000, 0x07900000)
  to   space 704K,   0% used [0x077a0000, 0x077a0000, 0x07850000)
 tenured generation   total 14200K, used 8780K [0x0c750000, 0x0d52e000, 0x17200000)
   the space 14200K,  61% used [0x0c750000, 0x0cfe30c0, 0x0cfe3200, 0x0d52e000)
 Metaspace       used 12539K, capacity 13309K, committed 13312K, reserved 13696K
Event: 7.484 GC heap after
Heap after GC invocations=12 (full 1):
 def new generation   total 6464K, used 704K [0x07200000, 0x07900000, 0x0c750000)
  eden space 5760K,   0% used [0x07200000, 0x07200000, 0x077a0000)
  from space 704K, 100% used [0x077a0000, 0x07850000, 0x07850000)
  to   space 704K,   0% used [0x07850000, 0x07850000, 0x07900000)
 tenured generation   total 14200K, used 9549K [0x0c750000, 0x0d52e000, 0x17200000)
   the space 14200K,  67% used [0x0c750000, 0x0d0a3480, 0x0d0a3600, 0x0d52e000)
 Metaspace       used 12539K, capacity 13309K, committed 13312K, reserved 13696K
}

